nohup: ignoring input

  .   ____          _            __ _ _
 /\\ / ___'_ __ _ _(_)_ __  __ _ \ \ \ \
( ( )\___ | '_ | '_| | '_ \/ _` | \ \ \ \
 \\/  ___)| |_)| | | | | || (_| |  ) ) ) )
  '  |____| .__|_| |_|_| |_\__, | / / / /
 =========|_|==============|___/=/_/_/_/

 :: Spring Boot ::                (v3.4.2)

2026-03-22T16:09:36.387-07:00  INFO 12688 --- [captureit-backend] [           main] com.captureit.CaptureItApplication       : Starting CaptureItApplication v0.0.1-SNAPSHOT using Java 17.0.4.1 with PID 12688 (/home/gabriel-delapena/Workspace/CaptureIt/backend/target/backend-0.0.1-SNAPSHOT.jar started by gabriel-delapena in /home/gabriel-delapena/Workspace/CaptureIt/backend)
2026-03-22T16:09:36.391-07:00  INFO 12688 --- [captureit-backend] [           main] com.captureit.CaptureItApplication       : No active profile set, falling back to 1 default profile: "default"
2026-03-22T16:09:37.547-07:00  INFO 12688 --- [captureit-backend] [           main] o.s.b.w.embedded.tomcat.TomcatWebServer  : Tomcat initialized with port 9000 (http)
2026-03-22T16:09:37.564-07:00  INFO 12688 --- [captureit-backend] [           main] o.apache.catalina.core.StandardService   : Starting service [Tomcat]
2026-03-22T16:09:37.565-07:00  INFO 12688 --- [captureit-backend] [           main] o.apache.catalina.core.StandardEngine    : Starting Servlet engine: [Apache Tomcat/10.1.34]
2026-03-22T16:09:37.631-07:00  INFO 12688 --- [captureit-backend] [           main] o.a.c.c.C.[Tomcat].[localhost].[/]       : Initializing Spring embedded WebApplicationContext
2026-03-22T16:09:37.634-07:00  INFO 12688 --- [captureit-backend] [           main] w.s.c.ServletWebServerApplicationContext : Root WebApplicationContext: initialization completed in 1188 ms
2026-03-22T16:09:37.786-07:00  INFO 12688 --- [captureit-backend] [           main] com.zaxxer.hikari.HikariDataSource       : HikariPool-1 - Starting...
2026-03-22T16:09:37.999-07:00  INFO 12688 --- [captureit-backend] [           main] com.zaxxer.hikari.pool.HikariPool        : HikariPool-1 - Added connection org.postgresql.jdbc.PgConnection@ed2f2f6
2026-03-22T16:09:38.001-07:00  INFO 12688 --- [captureit-backend] [           main] com.zaxxer.hikari.HikariDataSource       : HikariPool-1 - Start completed.
2026-03-22T16:09:38.572-07:00  INFO 12688 --- [captureit-backend] [           main] o.s.b.w.embedded.tomcat.TomcatWebServer  : Tomcat started on port 9000 (http) with context path '/'
2026-03-22T16:09:38.582-07:00  INFO 12688 --- [captureit-backend] [           main] com.captureit.CaptureItApplication       : Started CaptureItApplication in 2.698 seconds (process running for 3.343)
2026-03-22T16:09:53.476-07:00  INFO 12688 --- [captureit-backend] [nio-9000-exec-1] o.a.c.c.C.[Tomcat].[localhost].[/]       : Initializing Spring DispatcherServlet 'dispatcherServlet'
2026-03-22T16:09:53.477-07:00  INFO 12688 --- [captureit-backend] [nio-9000-exec-1] o.s.web.servlet.DispatcherServlet        : Initializing Servlet 'dispatcherServlet'
2026-03-22T16:09:53.479-07:00  INFO 12688 --- [captureit-backend] [nio-9000-exec-1] o.s.web.servlet.DispatcherServlet        : Completed initialization in 2 ms
2026-03-22T16:10:02.273-07:00  INFO 12688 --- [captureit-backend] [ionShutdownHook] o.s.b.w.e.tomcat.GracefulShutdown        : Commencing graceful shutdown. Waiting for active requests to complete
2026-03-22T16:10:02.275-07:00  INFO 12688 --- [captureit-backend] [tomcat-shutdown] o.s.b.w.e.tomcat.GracefulShutdown        : Graceful shutdown complete
2026-03-22T16:10:02.279-07:00  INFO 12688 --- [captureit-backend] [ionShutdownHook] com.zaxxer.hikari.HikariDataSource       : HikariPool-1 - Shutdown initiated...
2026-03-22T16:10:02.286-07:00  INFO 12688 --- [captureit-backend] [ionShutdownHook] com.zaxxer.hikari.HikariDataSource       : HikariPool-1 - Shutdown completed.
